# JRE version: OpenJDK Runtime Environment Temurin-21.0.9+10 (21.0.9+10) (build 21.0.9+10-LTS)
# Java VM: OpenJDK 64-Bit Server VM Temurin-21.0.9+10 (21.0.9+10-LTS, mixed mode, sharing, tiered, compressed oops, compressed class ptrs, parallel gc, windows-amd64)
GC Precious Log:
 CardTable entry size: 512
 CPUs: 4 total, 4 available
 Memory: 16289M
 Large Page Support: Disabled
 NUMA Support: Disabled
 Compressed Oops: Enabled (32-bit)
 Alignments: Space 512K, Generation 512K, Heap 2M
 Heap Min Capacity: 100M
 Heap Initial Capacity: 100M
 Heap Max Capacity: 2G
 Pre-touch: Disabled
 Parallel Workers: 4
Heap:
 PSYoungGen      total 22528K, used 10473K [0x00000000d5580000, 0x00000000d7180000, 0x0000000100000000)
  eden space 22016K, 45% used [0x00000000d5580000,0x00000000d5f3a728,0x00000000d6b00000)
  from space 512K, 100% used [0x00000000d7100000,0x00000000d7180000,0x00000000d7180000)
  to   space 1024K, 0% used [0x00000000d6f80000,0x00000000d6f80000,0x00000000d7080000)
 ParOldGen       total 68608K, used 60286K [0x0000000080000000, 0x0000000084300000, 0x00000000d5580000)
  object space 68608K, 87% used [0x0000000080000000,0x0000000083adf898,0x0000000084300000)
 Metaspace       used 54356K, committed 55872K, reserved 1114112K
  class space    used 5885K, committed 6528K, reserved 1048576K
GC Heap History (20 events):
Event: 1214.633 GC heap before
{Heap before GC invocations=43 (full 2):
 PSYoungGen      total 22528K, used 22368K [0x00000000d5580000, 0x00000000d7200000, 0x0000000100000000)
  eden space 22016K, 100% used [0x00000000d5580000,0x00000000d6b00000,0x00000000d6b00000)
  from space 512K, 68% used [0x00000000d7180000,0x00000000d71d8000,0x00000000d7200000)
  to   space 512K, 0% used [0x00000000d7100000,0x00000000d7100000,0x00000000d7180000)
 ParOldGen       total 68608K, used 55939K [0x0000000080000000, 0x0000000084300000, 0x00000000d5580000)
  object space 68608K, 81% used [0x0000000080000000,0x00000000836a0fa0,0x0000000084300000)
 Metaspace       used 53190K, committed 54656K, reserved 1114112K
  class space    used 5782K, committed 6400K, reserved 1048576K
}
Event: 1214.639 GC heap after
{Heap after GC invocations=43 (full 2):
 PSYoungGen      total 22528K, used 485K [0x00000000d5580000, 0x00000000d7200000, 0x0000000100000000)
  eden space 22016K, 0% used [0x00000000d5580000,0x00000000d5580000,0x00000000d6b00000)
  from space 512K, 94% used [0x00000000d7100000,0x00000000d7179498,0x00000000d7180000)
  to   space 512K, 0% used [0x00000000d7180000,0x00000000d7180000,0x00000000d7200000)
 ParOldGen       total 68608K, used 58167K [0x0000000080000000, 0x0000000084300000, 0x00000000d5580000)
  object space 68608K, 84% used [0x0000000080000000,0x00000000838cdfe0,0x0000000084300000)
 Metaspace       used 53190K, committed 54656K, reserved 1114112K
  class space    used 5782K, committed 6400K, reserved 1048576K
}
Event: 1215.458 GC heap before
{Heap before GC invocations=44 (full 2):
 PSYoungGen      total 22528K, used 22501K [0x00000000d5580000, 0x00000000d7200000, 0x0000000100000000)
  eden space 22016K, 100% used [0x00000000d5580000,0x00000000d6b00000,0x00000000d6b00000)
  from space 512K, 94% used [0x00000000d7100000,0x00000000d7179498,0x00000000d7180000)
  to   space 512K, 0% used [0x00000000d7180000,0x00000000d7180000,0x00000000d7200000)
 ParOldGen       total 68608K, used 58167K [0x0000000080000000, 0x0000000084300000, 0x00000000d5580000)
  object space 68608K, 84% used [0x0000000080000000,0x00000000838cdfe0,0x0000000084300000)
 Metaspace       used 53957K, committed 55488K, reserved 1114112K
  class space    used 5858K, committed 6528K, reserved 1048576K
}
Event: 1215.460 GC heap after
{Heap after GC invocations=44 (full 2):
 PSYoungGen      total 22528K, used 485K [0x00000000d5580000, 0x00000000d7200000, 0x0000000100000000)
  eden space 22016K, 0% used [0x00000000d5580000,0x00000000d5580000,0x00000000d6b00000)
  from space 512K, 94% used [0x00000000d7180000,0x00000000d71f9420,0x00000000d7200000)
  to   space 2048K, 0% used [0x00000000d6e00000,0x00000000d6e00000,0x00000000d7000000)
 ParOldGen       total 68608K, used 59230K [0x0000000080000000, 0x0000000084300000, 0x00000000d5580000)
  object space 68608K, 86% used [0x0000000080000000,0x00000000839d7a98,0x0000000084300000)
 Metaspace       used 53957K, committed 55488K, reserved 1114112K
  class space    used 5858K, committed 6528K, reserved 1048576K
}
Event: 1216.820 GC heap before
{Heap before GC invocations=45 (full 2):
 PSYoungGen      total 22528K, used 22501K [0x00000000d5580000, 0x00000000d7200000, 0x0000000100000000)
  eden space 22016K, 100% used [0x00000000d5580000,0x00000000d6b00000,0x00000000d6b00000)
  from space 512K, 94% used [0x00000000d7180000,0x00000000d71f9420,0x00000000d7200000)
  to   space 2048K, 0% used [0x00000000d6e00000,0x00000000d6e00000,0x00000000d7000000)
 ParOldGen       total 68608K, used 59230K [0x0000000080000000, 0x0000000084300000, 0x00000000d5580000)
  object space 68608K, 86% used [0x0000000080000000,0x00000000839d7a98,0x0000000084300000)
 Metaspace       used 54002K, committed 55552K, reserved 1114112K
  class space    used 5859K, committed 6528K, reserved 1048576K
}
Event: 1216.823 GC heap after
{Heap after GC invocations=45 (full 2):
 PSYoungGen      total 24064K, used 416K [0x00000000d5580000, 0x00000000d7200000, 0x0000000100000000)
  eden space 22016K, 0% used [0x00000000d5580000,0x00000000d5580000,0x00000000d6b00000)
  from space 2048K, 20% used [0x00000000d6e00000,0x00000000d6e68000,0x00000000d7000000)
  to   space 1024K, 0% used [0x00000000d7100000,0x00000000d7100000,0x00000000d7200000)
 ParOldGen       total 68608K, used 59733K [0x0000000080000000, 0x0000000084300000, 0x00000000d5580000)
  object space 68608K, 87% used [0x0000000080000000,0x0000000083a55628,0x0000000084300000)
 Metaspace       used 54002K, committed 55552K, reserved 1114112K
  class space    used 5859K, committed 6528K, reserved 1048576K
}
Event: 1222.701 GC heap before
{Heap before GC invocations=46 (full 2):
 PSYoungGen      total 24064K, used 22432K [0x00000000d5580000, 0x00000000d7200000, 0x0000000100000000)
  eden space 22016K, 100% used [0x00000000d5580000,0x00000000d6b00000,0x00000000d6b00000)
  from space 2048K, 20% used [0x00000000d6e00000,0x00000000d6e68000,0x00000000d7000000)
  to   space 1024K, 0% used [0x00000000d7100000,0x00000000d7100000,0x00000000d7200000)
 ParOldGen       total 68608K, used 59733K [0x0000000080000000, 0x0000000084300000, 0x00000000d5580000)
  object space 68608K, 87% used [0x0000000080000000,0x0000000083a55628,0x0000000084300000)
 Metaspace       used 54074K, committed 55552K, reserved 1114112K
  class space    used 5867K, committed 6528K, reserved 1048576K
}
Event: 1222.702 GC heap after
{Heap after GC invocations=46 (full 2):
 PSYoungGen      total 23040K, used 608K [0x00000000d5580000, 0x00000000d7200000, 0x0000000100000000)
  eden space 22016K, 0% used [0x00000000d5580000,0x00000000d5580000,0x00000000d6b00000)
  from space 1024K, 59% used [0x00000000d7100000,0x00000000d7198000,0x00000000d7200000)
  to   space 1024K, 0% used [0x00000000d7000000,0x00000000d7000000,0x00000000d7100000)
 ParOldGen       total 68608K, used 59821K [0x0000000080000000, 0x0000000084300000, 0x00000000d5580000)
  object space 68608K, 87% used [0x0000000080000000,0x0000000083a6b628,0x0000000084300000)
 Metaspace       used 54074K, committed 55552K, reserved 1114112K
  class space    used 5867K, committed 6528K, reserved 1048576K
}
Event: 1275.861 GC heap before
{Heap before GC invocations=47 (full 2):
 PSYoungGen      total 23040K, used 22624K [0x00000000d5580000, 0x00000000d7200000, 0x0000000100000000)
  eden space 22016K, 100% used [0x00000000d5580000,0x00000000d6b00000,0x00000000d6b00000)
  from space 1024K, 59% used [0x00000000d7100000,0x00000000d7198000,0x00000000d7200000)
  to   space 1024K, 0% used [0x00000000d7000000,0x00000000d7000000,0x00000000d7100000)
 ParOldGen       total 68608K, used 59821K [0x0000000080000000, 0x0000000084300000, 0x00000000d5580000)
  object space 68608K, 87% used [0x0000000080000000,0x0000000083a6b628,0x0000000084300000)
 Metaspace       used 54104K, committed 55616K, reserved 1114112K
  class space    used 5868K, committed 6528K, reserved 1048576K
}
Event: 1275.862 GC heap after
{Heap after GC invocations=47 (full 2):
 PSYoungGen      total 23040K, used 224K [0x00000000d5580000, 0x00000000d7180000, 0x0000000100000000)
  eden space 22016K, 0% used [0x00000000d5580000,0x00000000d5580000,0x00000000d6b00000)
  from space 1024K, 21% used [0x00000000d7000000,0x00000000d7038000,0x00000000d7100000)
  to   space 512K, 0% used [0x00000000d7100000,0x00000000d7100000,0x00000000d7180000)
 ParOldGen       total 68608K, used 59864K [0x0000000080000000, 0x0000000084300000, 0x00000000d5580000)
  object space 68608K, 87% used [0x0000000080000000,0x0000000083a76198,0x0000000084300000)
 Metaspace       used 54104K, committed 55616K, reserved 1114112K
  class space    used 5868K, committed 6528K, reserved 1048576K
}
Event: 1276.819 GC heap before
{Heap before GC invocations=48 (full 2):
 PSYoungGen      total 23040K, used 22240K [0x00000000d5580000, 0x00000000d7180000, 0x0000000100000000)
  eden space 22016K, 100% used [0x00000000d5580000,0x00000000d6b00000,0x00000000d6b00000)
  from space 1024K, 21% used [0x00000000d7000000,0x00000000d7038000,0x00000000d7100000)
  to   space 512K, 0% used [0x00000000d7100000,0x00000000d7100000,0x00000000d7180000)
 ParOldGen       total 68608K, used 59864K [0x0000000080000000, 0x0000000084300000, 0x00000000d5580000)
  object space 68608K, 87% used [0x0000000080000000,0x0000000083a76198,0x0000000084300000)
 Metaspace       used 54113K, committed 55680K, reserved 1114112K
  class space    used 5868K, committed 6528K, reserved 1048576K
}
Event: 1276.820 GC heap after
{Heap after GC invocations=48 (full 2):
 PSYoungGen      total 22528K, used 416K [0x00000000d5580000, 0x00000000d7180000, 0x0000000100000000)
  eden space 22016K, 0% used [0x00000000d5580000,0x00000000d5580000,0x00000000d6b00000)
  from space 512K, 81% used [0x00000000d7100000,0x00000000d7168000,0x00000000d7180000)
  to   space 512K, 0% used [0x00000000d7080000,0x00000000d7080000,0x00000000d7100000)
 ParOldGen       total 68608K, used 59948K [0x0000000080000000, 0x0000000084300000, 0x00000000d5580000)
  object space 68608K, 87% used [0x0000000080000000,0x0000000083a8b1a8,0x0000000084300000)
 Metaspace       used 54113K, committed 55680K, reserved 1114112K
  class space    used 5868K, committed 6528K, reserved 1048576K
}
Event: 1314.326 GC heap before
{Heap before GC invocations=49 (full 2):
 PSYoungGen      total 22528K, used 22432K [0x00000000d5580000, 0x00000000d7180000, 0x0000000100000000)
  eden space 22016K, 100% used [0x00000000d5580000,0x00000000d6b00000,0x00000000d6b00000)
  from space 512K, 81% used [0x00000000d7100000,0x00000000d7168000,0x00000000d7180000)
  to   space 512K, 0% used [0x00000000d7080000,0x00000000d7080000,0x00000000d7100000)
 ParOldGen       total 68608K, used 59948K [0x0000000080000000, 0x0000000084300000, 0x00000000d5580000)
  object space 68608K, 87% used [0x0000000080000000,0x0000000083a8b1a8,0x0000000084300000)
 Metaspace       used 54174K, committed 55744K, reserved 1114112K
  class space    used 5868K, committed 6528K, reserved 1048576K
}
Event: 1314.328 GC heap after
{Heap after GC invocations=49 (full 2):
 PSYoungGen      total 22528K, used 512K [0x00000000d5580000, 0x00000000d7180000, 0x0000000100000000)
  eden space 22016K, 0% used [0x00000000d5580000,0x00000000d5580000,0x00000000d6b00000)
  from space 512K, 100% used [0x00000000d7080000,0x00000000d7100000,0x00000000d7100000)
  to   space 512K, 0% used [0x00000000d7100000,0x00000000d7100000,0x00000000d7180000)
 ParOldGen       total 68608K, used 60052K [0x0000000080000000, 0x0000000084300000, 0x00000000d5580000)
  object space 68608K, 87% used [0x0000000080000000,0x0000000083aa51a8,0x0000000084300000)
 Metaspace       used 54174K, committed 55744K, reserved 1114112K
  class space    used 5868K, committed 6528K, reserved 1048576K
}
Event: 1335.906 GC heap before
{Heap before GC invocations=50 (full 2):
 PSYoungGen      total 22528K, used 22528K [0x00000000d5580000, 0x00000000d7180000, 0x0000000100000000)
  eden space 22016K, 100% used [0x00000000d5580000,0x00000000d6b00000,0x00000000d6b00000)
  from space 512K, 100% used [0x00000000d7080000,0x00000000d7100000,0x00000000d7100000)
  to   space 512K, 0% used [0x00000000d7100000,0x00000000d7100000,0x00000000d7180000)
 ParOldGen       total 68608K, used 60052K [0x0000000080000000, 0x0000000084300000, 0x00000000d5580000)
  object space 68608K, 87% used [0x0000000080000000,0x0000000083aa51a8,0x0000000084300000)
 Metaspace       used 54195K, committed 55744K, reserved 1114112K
  class space    used 5868K, committed 6528K, reserved 1048576K
}
Event: 1335.908 GC heap after
{Heap after GC invocations=50 (full 2):
 PSYoungGen      total 22528K, used 384K [0x00000000d5580000, 0x00000000d7180000, 0x0000000100000000)
  eden space 22016K, 0% used [0x00000000d5580000,0x00000000d5580000,0x00000000d6b00000)
  from space 512K, 75% used [0x00000000d7100000,0x00000000d7160000,0x00000000d7180000)
  to   space 512K, 0% used [0x00000000d7080000,0x00000000d7080000,0x00000000d7100000)
 ParOldGen       total 68608K, used 60151K [0x0000000080000000, 0x0000000084300000, 0x00000000d5580000)
  object space 68608K, 87% used [0x0000000080000000,0x0000000083abdd18,0x0000000084300000)
 Metaspace       used 54195K, committed 55744K, reserved 1114112K
  class space    used 5868K, committed 6528K, reserved 1048576K
}
Event: 1349.308 GC heap before
{Heap before GC invocations=51 (full 2):
 PSYoungGen      total 22528K, used 22400K [0x00000000d5580000, 0x00000000d7180000, 0x0000000100000000)
  eden space 22016K, 100% used [0x00000000d5580000,0x00000000d6b00000,0x00000000d6b00000)
  from space 512K, 75% used [0x00000000d7100000,0x00000000d7160000,0x00000000d7180000)
  to   space 512K, 0% used [0x00000000d7080000,0x00000000d7080000,0x00000000d7100000)
 ParOldGen       total 68608K, used 60151K [0x0000000080000000, 0x0000000084300000, 0x00000000d5580000)
  object space 68608K, 87% used [0x0000000080000000,0x0000000083abdd18,0x0000000084300000)
 Metaspace       used 54200K, committed 55744K, reserved 1114112K
  class space    used 5868K, committed 6528K, reserved 1048576K
}
Event: 1349.310 GC heap after
{Heap after GC invocations=51 (full 2):
 PSYoungGen      total 22528K, used 160K [0x00000000d5580000, 0x00000000d7180000, 0x0000000100000000)
  eden space 22016K, 0% used [0x00000000d5580000,0x00000000d5580000,0x00000000d6b00000)
  from space 512K, 31% used [0x00000000d7080000,0x00000000d70a8000,0x00000000d7100000)
  to   space 512K, 0% used [0x00000000d7100000,0x00000000d7100000,0x00000000d7180000)
 ParOldGen       total 68608K, used 60194K [0x0000000080000000, 0x0000000084300000, 0x00000000d5580000)
  object space 68608K, 87% used [0x0000000080000000,0x0000000083ac8888,0x0000000084300000)
 Metaspace       used 54200K, committed 55744K, reserved 1114112K
  class space    used 5868K, committed 6528K, reserved 1048576K
}
Event: 1350.815 GC heap before
{Heap before GC invocations=52 (full 2):
 PSYoungGen      total 22528K, used 22176K [0x00000000d5580000, 0x00000000d7180000, 0x0000000100000000)
  eden space 22016K, 100% used [0x00000000d5580000,0x00000000d6b00000,0x00000000d6b00000)
  from space 512K, 31% used [0x00000000d7080000,0x00000000d70a8000,0x00000000d7100000)
  to   space 512K, 0% used [0x00000000d7100000,0x00000000d7100000,0x00000000d7180000)
 ParOldGen       total 68608K, used 60194K [0x0000000080000000, 0x0000000084300000, 0x00000000d5580000)
  object space 68608K, 87% used [0x0000000080000000,0x0000000083ac8888,0x0000000084300000)
 Metaspace       used 54212K, committed 55744K, reserved 1114112K
  class space    used 5868K, committed 6528K, reserved 1048576K
}
Event: 1350.817 GC heap after
{Heap after GC invocations=52 (full 2):
 PSYoungGen      total 22528K, used 512K [0x00000000d5580000, 0x00000000d7180000, 0x0000000100000000)
  eden space 22016K, 0% used [0x00000000d5580000,0x00000000d5580000,0x00000000d6b00000)
  from space 512K, 100% used [0x00000000d7100000,0x00000000d7180000,0x00000000d7180000)
  to   space 1024K, 0% used [0x00000000d6f80000,0x00000000d6f80000,0x00000000d7080000)
 ParOldGen       total 68608K, used 60286K [0x0000000080000000, 0x0000000084300000, 0x00000000d5580000)
  object space 68608K, 87% used [0x0000000080000000,0x0000000083adf898,0x0000000084300000)
 Metaspace       used 54212K, committed 55744K, reserved 1114112K
  class space    used 5868K, committed 6528K, reserved 1048576K
}

