# JRE version: OpenJDK Runtime Environment Temurin-21.0.9+10 (21.0.9+10) (build 21.0.9+10-LTS)
# Java VM: OpenJDK 64-Bit Server VM Temurin-21.0.9+10 (21.0.9+10-LTS, mixed mode, sharing, tiered, compressed oops, compressed class ptrs, parallel gc, windows-amd64)
GC Precious Log:
 CardTable entry size: 512
 CPUs: 4 total, 4 available
 Memory: 16289M
 Large Page Support: Disabled
 NUMA Support: Disabled
 Compressed Oops: Enabled (32-bit)
 Alignments: Space 512K, Generation 512K, Heap 2M
 Heap Min Capacity: 100M
 Heap Initial Capacity: 100M
 Heap Max Capacity: 2G
 Pre-touch: Disabled
 Parallel Workers: 4
Heap:
 PSYoungGen      total 22528K, used 17436K [0x00000000d5580000, 0x00000000d7100000, 0x0000000100000000)
  eden space 22016K, 76% used [0x00000000d5580000,0x00000000d6607028,0x00000000d6b00000)
  from space 512K, 100% used [0x00000000d7080000,0x00000000d7100000,0x00000000d7100000)
  to   space 1024K, 0% used [0x00000000d6f00000,0x00000000d6f00000,0x00000000d7000000)
 ParOldGen       total 68608K, used 66642K [0x0000000080000000, 0x0000000084300000, 0x00000000d5580000)
  object space 68608K, 97% used [0x0000000080000000,0x0000000084114a30,0x0000000084300000)
 Metaspace       used 53512K, committed 55104K, reserved 1114112K
  class space    used 5784K, committed 6464K, reserved 1048576K
GC Heap History (20 events):
Event: 41.341 GC heap before
{Heap before GC invocations=35 (full 2):
 PSYoungGen      total 22528K, used 22468K [0x00000000d5580000, 0x00000000d6d80000, 0x0000000100000000)
  eden space 22016K, 100% used [0x00000000d5580000,0x00000000d6b00000,0x00000000d6b00000)
  from space 512K, 88% used [0x00000000d6d00000,0x00000000d6d71278,0x00000000d6d80000)
  to   space 512K, 0% used [0x00000000d6c80000,0x00000000d6c80000,0x00000000d6d00000)
 ParOldGen       total 68608K, used 52852K [0x0000000080000000, 0x0000000084300000, 0x00000000d5580000)
  object space 68608K, 77% used [0x0000000080000000,0x000000008339d070,0x0000000084300000)
 Metaspace       used 51131K, committed 52608K, reserved 1114112K
  class space    used 5536K, committed 6144K, reserved 1048576K
}
Event: 41.342 GC heap after
{Heap after GC invocations=35 (full 2):
 PSYoungGen      total 22528K, used 512K [0x00000000d5580000, 0x00000000d6d80000, 0x0000000100000000)
  eden space 22016K, 0% used [0x00000000d5580000,0x00000000d5580000,0x00000000d6b00000)
  from space 512K, 100% used [0x00000000d6c80000,0x00000000d6d00000,0x00000000d6d00000)
  to   space 512K, 0% used [0x00000000d6d00000,0x00000000d6d00000,0x00000000d6d80000)
 ParOldGen       total 68608K, used 53264K [0x0000000080000000, 0x0000000084300000, 0x00000000d5580000)
  object space 68608K, 77% used [0x0000000080000000,0x00000000834042e8,0x0000000084300000)
 Metaspace       used 51131K, committed 52608K, reserved 1114112K
  class space    used 5536K, committed 6144K, reserved 1048576K
}
Event: 41.485 GC heap before
{Heap before GC invocations=36 (full 2):
 PSYoungGen      total 22528K, used 22528K [0x00000000d5580000, 0x00000000d6d80000, 0x0000000100000000)
  eden space 22016K, 100% used [0x00000000d5580000,0x00000000d6b00000,0x00000000d6b00000)
  from space 512K, 100% used [0x00000000d6c80000,0x00000000d6d00000,0x00000000d6d00000)
  to   space 512K, 0% used [0x00000000d6d00000,0x00000000d6d00000,0x00000000d6d80000)
 ParOldGen       total 68608K, used 53264K [0x0000000080000000, 0x0000000084300000, 0x00000000d5580000)
  object space 68608K, 77% used [0x0000000080000000,0x00000000834042e8,0x0000000084300000)
 Metaspace       used 51366K, committed 52864K, reserved 1114112K
  class space    used 5562K, committed 6208K, reserved 1048576K
}
Event: 41.486 GC heap after
{Heap after GC invocations=36 (full 2):
 PSYoungGen      total 22528K, used 505K [0x00000000d5580000, 0x00000000d6d80000, 0x0000000100000000)
  eden space 22016K, 0% used [0x00000000d5580000,0x00000000d5580000,0x00000000d6b00000)
  from space 512K, 98% used [0x00000000d6d00000,0x00000000d6d7e470,0x00000000d6d80000)
  to   space 512K, 0% used [0x00000000d6c80000,0x00000000d6c80000,0x00000000d6d00000)
 ParOldGen       total 68608K, used 53688K [0x0000000080000000, 0x0000000084300000, 0x00000000d5580000)
  object space 68608K, 78% used [0x0000000080000000,0x000000008346e2e8,0x0000000084300000)
 Metaspace       used 51366K, committed 52864K, reserved 1114112K
  class space    used 5562K, committed 6208K, reserved 1048576K
}
Event: 41.683 GC heap before
{Heap before GC invocations=37 (full 2):
 PSYoungGen      total 22528K, used 22521K [0x00000000d5580000, 0x00000000d6d80000, 0x0000000100000000)
  eden space 22016K, 100% used [0x00000000d5580000,0x00000000d6b00000,0x00000000d6b00000)
  from space 512K, 98% used [0x00000000d6d00000,0x00000000d6d7e470,0x00000000d6d80000)
  to   space 512K, 0% used [0x00000000d6c80000,0x00000000d6c80000,0x00000000d6d00000)
 ParOldGen       total 68608K, used 53688K [0x0000000080000000, 0x0000000084300000, 0x00000000d5580000)
  object space 68608K, 78% used [0x0000000080000000,0x000000008346e2e8,0x0000000084300000)
 Metaspace       used 51640K, committed 53120K, reserved 1114112K
  class space    used 5578K, committed 6208K, reserved 1048576K
}
Event: 41.684 GC heap after
{Heap after GC invocations=37 (full 2):
 PSYoungGen      total 22528K, used 452K [0x00000000d5580000, 0x00000000d6d80000, 0x0000000100000000)
  eden space 22016K, 0% used [0x00000000d5580000,0x00000000d5580000,0x00000000d6b00000)
  from space 512K, 88% used [0x00000000d6c80000,0x00000000d6cf1278,0x00000000d6d00000)
  to   space 512K, 0% used [0x00000000d6d00000,0x00000000d6d00000,0x00000000d6d80000)
 ParOldGen       total 68608K, used 54105K [0x0000000080000000, 0x0000000084300000, 0x00000000d5580000)
  object space 68608K, 78% used [0x0000000080000000,0x00000000834d6758,0x0000000084300000)
 Metaspace       used 51640K, committed 53120K, reserved 1114112K
  class space    used 5578K, committed 6208K, reserved 1048576K
}
Event: 41.792 GC heap before
{Heap before GC invocations=38 (full 2):
 PSYoungGen      total 22528K, used 22468K [0x00000000d5580000, 0x00000000d6d80000, 0x0000000100000000)
  eden space 22016K, 100% used [0x00000000d5580000,0x00000000d6b00000,0x00000000d6b00000)
  from space 512K, 88% used [0x00000000d6c80000,0x00000000d6cf1278,0x00000000d6d00000)
  to   space 512K, 0% used [0x00000000d6d00000,0x00000000d6d00000,0x00000000d6d80000)
 ParOldGen       total 68608K, used 54105K [0x0000000080000000, 0x0000000084300000, 0x00000000d5580000)
  object space 68608K, 78% used [0x0000000080000000,0x00000000834d6758,0x0000000084300000)
 Metaspace       used 51770K, committed 53184K, reserved 1114112K
  class space    used 5593K, committed 6208K, reserved 1048576K
}
Event: 41.793 GC heap after
{Heap after GC invocations=38 (full 2):
 PSYoungGen      total 22528K, used 491K [0x00000000d5580000, 0x00000000d6e00000, 0x0000000100000000)
  eden space 22016K, 0% used [0x00000000d5580000,0x00000000d5580000,0x00000000d6b00000)
  from space 512K, 96% used [0x00000000d6d00000,0x00000000d6d7aef0,0x00000000d6d80000)
  to   space 1536K, 0% used [0x00000000d6b00000,0x00000000d6b00000,0x00000000d6c80000)
 ParOldGen       total 68608K, used 54569K [0x0000000080000000, 0x0000000084300000, 0x00000000d5580000)
  object space 68608K, 79% used [0x0000000080000000,0x000000008354a758,0x0000000084300000)
 Metaspace       used 51770K, committed 53184K, reserved 1114112K
  class space    used 5593K, committed 6208K, reserved 1048576K
}
Event: 42.094 GC heap before
{Heap before GC invocations=39 (full 2):
 PSYoungGen      total 22528K, used 22507K [0x00000000d5580000, 0x00000000d6e00000, 0x0000000100000000)
  eden space 22016K, 100% used [0x00000000d5580000,0x00000000d6b00000,0x00000000d6b00000)
  from space 512K, 96% used [0x00000000d6d00000,0x00000000d6d7aef0,0x00000000d6d80000)
  to   space 1536K, 0% used [0x00000000d6b00000,0x00000000d6b00000,0x00000000d6c80000)
 ParOldGen       total 68608K, used 54569K [0x0000000080000000, 0x0000000084300000, 0x00000000d5580000)
  object space 68608K, 79% used [0x0000000080000000,0x000000008354a758,0x0000000084300000)
 Metaspace       used 51857K, committed 53312K, reserved 1114112K
  class space    used 5610K, committed 6272K, reserved 1048576K
}
Event: 42.102 GC heap after
{Heap after GC invocations=39 (full 2):
 PSYoungGen      total 23552K, used 1506K [0x00000000d5580000, 0x00000000d7900000, 0x0000000100000000)
  eden space 22016K, 0% used [0x00000000d5580000,0x00000000d5580000,0x00000000d6b00000)
  from space 1536K, 98% used [0x00000000d6b00000,0x00000000d6c78bb0,0x00000000d6c80000)
  to   space 7168K, 0% used [0x00000000d7200000,0x00000000d7200000,0x00000000d7900000)
 ParOldGen       total 68608K, used 59231K [0x0000000080000000, 0x0000000084300000, 0x00000000d5580000)
  object space 68608K, 86% used [0x0000000080000000,0x00000000839d7d50,0x0000000084300000)
 Metaspace       used 51857K, committed 53312K, reserved 1114112K
  class space    used 5610K, committed 6272K, reserved 1048576K
}
Event: 42.332 GC heap before
{Heap before GC invocations=40 (full 2):
 PSYoungGen      total 23552K, used 23522K [0x00000000d5580000, 0x00000000d7900000, 0x0000000100000000)
  eden space 22016K, 100% used [0x00000000d5580000,0x00000000d6b00000,0x00000000d6b00000)
  from space 1536K, 98% used [0x00000000d6b00000,0x00000000d6c78bb0,0x00000000d6c80000)
  to   space 7168K, 0% used [0x00000000d7200000,0x00000000d7200000,0x00000000d7900000)
 ParOldGen       total 68608K, used 59231K [0x0000000080000000, 0x0000000084300000, 0x00000000d5580000)
  object space 68608K, 86% used [0x0000000080000000,0x00000000839d7d50,0x0000000084300000)
 Metaspace       used 51957K, committed 53440K, reserved 1114112K
  class space    used 5627K, committed 6272K, reserved 1048576K
}
Event: 42.339 GC heap after
{Heap after GC invocations=40 (full 2):
 PSYoungGen      total 24064K, used 1957K [0x00000000d5580000, 0x00000000d7400000, 0x0000000100000000)
  eden space 22016K, 0% used [0x00000000d5580000,0x00000000d5580000,0x00000000d6b00000)
  from space 2048K, 95% used [0x00000000d7200000,0x00000000d73e9428,0x00000000d7400000)
  to   space 3584K, 0% used [0x00000000d6d00000,0x00000000d6d00000,0x00000000d7080000)
 ParOldGen       total 68608K, used 60714K [0x0000000080000000, 0x0000000084300000, 0x00000000d5580000)
  object space 68608K, 88% used [0x0000000080000000,0x0000000083b4a900,0x0000000084300000)
 Metaspace       used 51957K, committed 53440K, reserved 1114112K
  class space    used 5627K, committed 6272K, reserved 1048576K
}
Event: 42.536 GC heap before
{Heap before GC invocations=41 (full 2):
 PSYoungGen      total 24064K, used 23973K [0x00000000d5580000, 0x00000000d7400000, 0x0000000100000000)
  eden space 22016K, 100% used [0x00000000d5580000,0x00000000d6b00000,0x00000000d6b00000)
  from space 2048K, 95% used [0x00000000d7200000,0x00000000d73e9428,0x00000000d7400000)
  to   space 3584K, 0% used [0x00000000d6d00000,0x00000000d6d00000,0x00000000d7080000)
 ParOldGen       total 68608K, used 60714K [0x0000000080000000, 0x0000000084300000, 0x00000000d5580000)
  object space 68608K, 88% used [0x0000000080000000,0x0000000083b4a900,0x0000000084300000)
 Metaspace       used 52193K, committed 53760K, reserved 1114112K
  class space    used 5660K, committed 6336K, reserved 1048576K
}
Event: 42.541 GC heap after
{Heap after GC invocations=41 (full 2):
 PSYoungGen      total 25600K, used 896K [0x00000000d5580000, 0x00000000d7280000, 0x0000000100000000)
  eden space 22016K, 0% used [0x00000000d5580000,0x00000000d5580000,0x00000000d6b00000)
  from space 3584K, 25% used [0x00000000d6d00000,0x00000000d6de0000,0x00000000d7080000)
  to   space 2048K, 0% used [0x00000000d7080000,0x00000000d7080000,0x00000000d7280000)
 ParOldGen       total 68608K, used 61978K [0x0000000080000000, 0x0000000084300000, 0x00000000d5580000)
  object space 68608K, 90% used [0x0000000080000000,0x0000000083c86900,0x0000000084300000)
 Metaspace       used 52193K, committed 53760K, reserved 1114112K
  class space    used 5660K, committed 6336K, reserved 1048576K
}
Event: 42.802 GC heap before
{Heap before GC invocations=42 (full 2):
 PSYoungGen      total 25600K, used 22737K [0x00000000d5580000, 0x00000000d7280000, 0x0000000100000000)
  eden space 22016K, 99% used [0x00000000d5580000,0x00000000d6ad44f0,0x00000000d6b00000)
  from space 3584K, 25% used [0x00000000d6d00000,0x00000000d6de0000,0x00000000d7080000)
  to   space 2048K, 0% used [0x00000000d7080000,0x00000000d7080000,0x00000000d7280000)
 ParOldGen       total 68608K, used 61978K [0x0000000080000000, 0x0000000084300000, 0x00000000d5580000)
  object space 68608K, 90% used [0x0000000080000000,0x0000000083c86900,0x0000000084300000)
 Metaspace       used 52591K, committed 54080K, reserved 1114112K
  class space    used 5707K, committed 6336K, reserved 1048576K
}
Event: 42.805 GC heap after
{Heap after GC invocations=42 (full 2):
 PSYoungGen      total 22528K, used 442K [0x00000000d5580000, 0x00000000d7100000, 0x0000000100000000)
  eden space 22016K, 0% used [0x00000000d5580000,0x00000000d5580000,0x00000000d6b00000)
  from space 512K, 86% used [0x00000000d7080000,0x00000000d70ee900,0x00000000d7100000)
  to   space 1024K, 0% used [0x00000000d6f00000,0x00000000d6f00000,0x00000000d7000000)
 ParOldGen       total 68608K, used 66119K [0x0000000080000000, 0x0000000084300000, 0x00000000d5580000)
  object space 68608K, 96% used [0x0000000080000000,0x0000000084091ca0,0x0000000084300000)
 Metaspace       used 52591K, committed 54080K, reserved 1114112K
  class space    used 5707K, committed 6336K, reserved 1048576K
}
Event: 43.019 GC heap before
{Heap before GC invocations=43 (full 2):
 PSYoungGen      total 22528K, used 21005K [0x00000000d5580000, 0x00000000d7100000, 0x0000000100000000)
  eden space 22016K, 93% used [0x00000000d5580000,0x00000000d6994df8,0x00000000d6b00000)
  from space 512K, 86% used [0x00000000d7080000,0x00000000d70ee900,0x00000000d7100000)
  to   space 1024K, 0% used [0x00000000d6f00000,0x00000000d6f00000,0x00000000d7000000)
 ParOldGen       total 68608K, used 66119K [0x0000000080000000, 0x0000000084300000, 0x00000000d5580000)
  object space 68608K, 96% used [0x0000000080000000,0x0000000084091ca0,0x0000000084300000)
 Metaspace       used 52845K, committed 54400K, reserved 1114112K
  class space    used 5726K, committed 6400K, reserved 1048576K
}
Event: 43.021 GC heap after
{Heap after GC invocations=43 (full 2):
 PSYoungGen      total 23040K, used 250K [0x00000000d5580000, 0x00000000d7100000, 0x0000000100000000)
  eden space 22016K, 0% used [0x00000000d5580000,0x00000000d5580000,0x00000000d6b00000)
  from space 1024K, 24% used [0x00000000d6f00000,0x00000000d6f3e8c8,0x00000000d7000000)
  to   space 512K, 0% used [0x00000000d7080000,0x00000000d7080000,0x00000000d7100000)
 ParOldGen       total 68608K, used 66467K [0x0000000080000000, 0x0000000084300000, 0x00000000d5580000)
  object space 68608K, 96% used [0x0000000080000000,0x00000000840e8fd0,0x0000000084300000)
 Metaspace       used 52845K, committed 54400K, reserved 1114112K
  class space    used 5726K, committed 6400K, reserved 1048576K
}
Event: 44.975 GC heap before
{Heap before GC invocations=44 (full 2):
 PSYoungGen      total 23040K, used 22266K [0x00000000d5580000, 0x00000000d7100000, 0x0000000100000000)
  eden space 22016K, 100% used [0x00000000d5580000,0x00000000d6b00000,0x00000000d6b00000)
  from space 1024K, 24% used [0x00000000d6f00000,0x00000000d6f3e8c8,0x00000000d7000000)
  to   space 512K, 0% used [0x00000000d7080000,0x00000000d7080000,0x00000000d7100000)
 ParOldGen       total 68608K, used 66467K [0x0000000080000000, 0x0000000084300000, 0x00000000d5580000)
  object space 68608K, 96% used [0x0000000080000000,0x00000000840e8fd0,0x0000000084300000)
 Metaspace       used 53079K, committed 54592K, reserved 1114112K
  class space    used 5739K, committed 6400K, reserved 1048576K
}
Event: 44.977 GC heap after
{Heap after GC invocations=44 (full 2):
 PSYoungGen      total 22528K, used 512K [0x00000000d5580000, 0x00000000d7100000, 0x0000000100000000)
  eden space 22016K, 0% used [0x00000000d5580000,0x00000000d5580000,0x00000000d6b00000)
  from space 512K, 100% used [0x00000000d7080000,0x00000000d7100000,0x00000000d7100000)
  to   space 1024K, 0% used [0x00000000d6f00000,0x00000000d6f00000,0x00000000d7000000)
 ParOldGen       total 68608K, used 66642K [0x0000000080000000, 0x0000000084300000, 0x00000000d5580000)
  object space 68608K, 97% used [0x0000000080000000,0x0000000084114a30,0x0000000084300000)
 Metaspace       used 53079K, committed 54592K, reserved 1114112K
  class space    used 5739K, committed 6400K, reserved 1048576K
}

